estudos/fr.xplod.focal_api_15/logs/manifest-merger-debug-report.txt
-- Merging decision tree log ---
manifest
ADDED from src/main/AndroidManifest.xml:20:1-91:12
	package
		ADDED from src/main/AndroidManifest.xml:21:9-33
		INJECTED from src/main/AndroidManifest.xml
		INJECTED from src/main/AndroidManifest.xml
	android:versionName
		ADDED from src/main/AndroidManifest.xml:23:9-45
		INJECTED from src/main/AndroidManifest.xml
		INJECTED from src/main/AndroidManifest.xml
	android:versionCode
		ADDED from src/main/AndroidManifest.xml:22:9-32
		INJECTED from src/main/AndroidManifest.xml
		INJECTED from src/main/AndroidManifest.xml
	xmlns:android
		ADDED from src/main/AndroidManifest.xml:20:11-69
uses-sdk
ADDED from src/main/AndroidManifest.xml:25:5-27:41
MERGED from [com.android.support:support-v4:25.0.1] AndroidManifest.xml:21:5-23:54
MERGED from [com.android.support:support-compat:25.0.1] AndroidManifest.xml:21:5-23:58
MERGED from [com.android.support:support-media-compat:25.0.1] AndroidManifest.xml:21:5-23:63
MERGED from [com.android.support:support-compat:25.0.1] AndroidManifest.xml:21:5-23:58
MERGED from [com.android.support:support-core-utils:25.0.1] AndroidManifest.xml:21:5-23:61
MERGED from [com.android.support:support-compat:25.0.1] AndroidManifest.xml:21:5-23:58
MERGED from [com.android.support:support-core-ui:25.0.1] AndroidManifest.xml:21:5-23:58
MERGED from [com.android.support:support-compat:25.0.1] AndroidManifest.xml:21:5-23:58
MERGED from [com.android.support:support-fragment:25.0.1] AndroidManifest.xml:21:5-23:60
MERGED from [com.android.support:support-compat:25.0.1] AndroidManifest.xml:21:5-23:58
MERGED from [com.android.support:support-media-compat:25.0.1] AndroidManifest.xml:21:5-23:63
MERGED from [com.android.support:support-compat:25.0.1] AndroidManifest.xml:21:5-23:58
MERGED from [com.android.support:support-core-ui:25.0.1] AndroidManifest.xml:21:5-23:58
MERGED from [com.android.support:support-compat:25.0.1] AndroidManifest.xml:21:5-23:58
MERGED from [com.android.support:support-core-utils:25.0.1] AndroidManifest.xml:21:5-23:61
MERGED from [com.android.support:support-compat:25.0.1] AndroidManifest.xml:21:5-23:58
	tools:overrideLibrary
		ADDED from [com.android.support:support-v4:25.0.1] AndroidManifest.xml:23:9-51
	android:targetSdkVersion
		ADDED from src/main/AndroidManifest.xml:27:9-38
		INJECTED from src/main/AndroidManifest.xml
		INJECTED from src/main/AndroidManifest.xml
	android:minSdkVersion
		ADDED from src/main/AndroidManifest.xml:26:9-35
		INJECTED from src/main/AndroidManifest.xml
		INJECTED from src/main/AndroidManifest.xml
uses-permission#android.permission.CAMERA
ADDED from src/main/AndroidManifest.xml:29:5-65
	android:name
		ADDED from src/main/AndroidManifest.xml:29:22-62
uses-permission#android.permission.RECORD_AUDIO
ADDED from src/main/AndroidManifest.xml:30:5-71
	android:name
		ADDED from src/main/AndroidManifest.xml:30:22-68
uses-permission#android.permission.WRITE_EXTERNAL_STORAGE
ADDED from src/main/AndroidManifest.xml:31:5-81
	android:name
		ADDED from src/main/AndroidManifest.xml:31:22-78
uses-permission#android.permission.RECEIVE_BOOT_COMPLETED
ADDED from src/main/AndroidManifest.xml:32:5-81
	android:name
		ADDED from src/main/AndroidManifest.xml:32:22-78
uses-feature#android.hardware.camera
ADDED from src/main/AndroidManifest.xml:34:5-60
	android:name
		ADDED from src/main/AndroidManifest.xml:34:19-57
uses-feature#android.hardware.camera.autofocus
ADDED from src/main/AndroidManifest.xml:35:5-70
	android:name
		ADDED from src/main/AndroidManifest.xml:35:19-67
application
ADDED from src/main/AndroidManifest.xml:37:5-90:19
MERGED from [com.android.support:support-v4:25.0.1] AndroidManifest.xml:25:5-20
MERGED from [com.android.support:support-compat:25.0.1] AndroidManifest.xml:25:5-20
MERGED from [com.android.support:support-media-compat:25.0.1] AndroidManifest.xml:25:5-20
MERGED from [com.android.support:support-compat:25.0.1] AndroidManifest.xml:25:5-20
MERGED from [com.android.support:support-core-utils:25.0.1] AndroidManifest.xml:25:5-20
MERGED from [com.android.support:support-compat:25.0.1] AndroidManifest.xml:25:5-20
MERGED from [com.android.support:support-core-ui:25.0.1] AndroidManifest.xml:25:5-20
MERGED from [com.android.support:support-compat:25.0.1] AndroidManifest.xml:25:5-20
MERGED from [com.android.support:support-fragment:25.0.1] AndroidManifest.xml:25:5-20
MERGED from [com.android.support:support-compat:25.0.1] AndroidManifest.xml:25:5-20
MERGED from [com.android.support:support-media-compat:25.0.1] AndroidManifest.xml:25:5-20
MERGED from [com.android.support:support-compat:25.0.1] AndroidManifest.xml:25:5-20
MERGED from [com.android.support:support-core-ui:25.0.1] AndroidManifest.xml:25:5-20
MERGED from [com.android.support:support-compat:25.0.1] AndroidManifest.xml:25:5-20
MERGED from [com.android.support:support-core-utils:25.0.1] AndroidManifest.xml:25:5-20
MERGED from [com.android.support:support-compat:25.0.1] AndroidManifest.xml:25:5-20
	android:label
		ADDED from src/main/AndroidManifest.xml:40:9-41
	android:allowBackup
		ADDED from src/main/AndroidManifest.xml:38:9-35
	android:icon
		ADDED from src/main/AndroidManifest.xml:39:9-45
	android:largeHeap
		ADDED from src/main/AndroidManifest.xml:42:9-33
	android:theme
		ADDED from src/main/AndroidManifest.xml:41:9-40
	android:name
		ADDED from src/main/AndroidManifest.xml:43:9-63
service#org.cyanogenmod.focal.picsphere.PicSphereRenderingService
ADDED from src/main/AndroidManifest.xml:45:9-93
	android:name
		ADDED from src/main/AndroidManifest.xml:45:18-90
service#org.cyanogenmod.focal.feats.SoftwareHdrRenderingService
ADDED from src/main/AndroidManifest.xml:46:9-91
	android:name
		ADDED from src/main/AndroidManifest.xml:46:18-88
activity#org.cyanogenmod.focal.CameraActivity
ADDED from src/main/AndroidManifest.xml:48:9-69:20
	android:screenOrientation
		ADDED from src/main/AndroidManifest.xml:54:13-49
	android:label
		ADDED from src/main/AndroidManifest.xml:51:13-45
	android:launchMode
		ADDED from src/main/AndroidManifest.xml:53:13-48
	android:configChanges
		ADDED from src/main/AndroidManifest.xml:50:13-74
	android:theme
		ADDED from src/main/AndroidManifest.xml:52:13-44
	android:name
		ADDED from src/main/AndroidManifest.xml:49:13-64
intent-filter#android.intent.action.MAIN+android.intent.category.LAUNCHER
ADDED from src/main/AndroidManifest.xml:56:13-59:29
action#android.intent.action.MAIN
ADDED from src/main/AndroidManifest.xml:57:17-69
	android:name
		ADDED from src/main/AndroidManifest.xml:57:25-66
category#android.intent.category.LAUNCHER
ADDED from src/main/AndroidManifest.xml:58:17-77
	android:name
		ADDED from src/main/AndroidManifest.xml:58:27-74
intent-filter#android.intent.category.DEFAULT+android.media.action.STILL_IMAGE_CAMERA+android.media.action.STILL_IMAGE_CAMERA_SECURE
ADDED from src/main/AndroidManifest.xml:61:13-65:29
action#android.media.action.STILL_IMAGE_CAMERA
ADDED from src/main/AndroidManifest.xml:62:17-82
	android:name
		ADDED from src/main/AndroidManifest.xml:62:25-79
action#android.media.action.STILL_IMAGE_CAMERA_SECURE
ADDED from src/main/AndroidManifest.xml:63:17-89
	android:name
		ADDED from src/main/AndroidManifest.xml:63:25-86
category#android.intent.category.DEFAULT
ADDED from src/main/AndroidManifest.xml:64:17-76
	android:name
		ADDED from src/main/AndroidManifest.xml:64:27-73
meta-data#com.android.keyguard.layout
ADDED from src/main/AndroidManifest.xml:67:13-68:62
	android:resource
		ADDED from src/main/AndroidManifest.xml:68:17-59
	android:name
		ADDED from src/main/AndroidManifest.xml:67:24-66
receiver#org.cyanogenmod.focal.CameraButtonIntentReceiver
ADDED from src/main/AndroidManifest.xml:71:9-75:20
	android:name
		ADDED from src/main/AndroidManifest.xml:71:19-82
intent-filter#android.intent.action.CAMERA_BUTTON
ADDED from src/main/AndroidManifest.xml:72:13-74:29
action#android.intent.action.CAMERA_BUTTON
ADDED from src/main/AndroidManifest.xml:73:17-78
	android:name
		ADDED from src/main/AndroidManifest.xml:73:25-75
receiver#org.cyanogenmod.focal.DisableCameraReceiver
ADDED from src/main/AndroidManifest.xml:76:9-80:20
	android:name
		ADDED from src/main/AndroidManifest.xml:76:19-77
intent-filter#android.intent.action.BOOT_COMPLETED
ADDED from src/main/AndroidManifest.xml:77:13-79:29
action#android.intent.action.BOOT_COMPLETED
ADDED from src/main/AndroidManifest.xml:78:17-79
	android:name
		ADDED from src/main/AndroidManifest.xml:78:25-76
receiver#org.cyanogenmod.focal.WidgetProvider
ADDED from src/main/AndroidManifest.xml:82:9-88:20
	android:name
		ADDED from src/main/AndroidManifest.xml:82:19-70
intent-filter#android.appwidget.action.APPWIDGET_UPDATE
ADDED from src/main/AndroidManifest.xml:83:13-85:29
action#android.appwidget.action.APPWIDGET_UPDATE
ADDED from src/main/AndroidManifest.xml:84:17-84
	android:name
		ADDED from src/main/AndroidManifest.xml:84:25-81
meta-data#android.appwidget.provider
ADDED from src/main/AndroidManifest.xml:86:13-87:55
	android:resource
		ADDED from src/main/AndroidManifest.xml:87:17-52
	android:name
		ADDED from src/main/AndroidManifest.xml:86:24-65